In file included from src/common.h:5,
                 from src/levels.h:4,
                 from src/levels.c:1:
src/raylib.h:106:9: note: '#pragma message: USING SRC/RAYLIB.H V5.5'
  106 | #pragma message("USING SRC/RAYLIB.H V5.5")
      |         ^~~~~~~
src/levels.c: In function 'check_level_events':
src/levels.c:953:19: error: incompatible type for argument 1 of 'PlaySound'
  953 |         PlaySound(phase_shift_sound);
      |                   ^~~~~~~~~~~~~~~~~
      |                   |
      |                   AudioSound
src/raylib.h:2468:28: note: expected 'Sound' but argument is of type 'AudioSound'
 2468 | RLAPI void PlaySound(Sound sound);      // Play a sound
      |                      ~~~~~~^~~~~
src/levels.c:980:19: error: incompatible type for argument 1 of 'PlaySound'
  980 |         PlaySound(phase_shift_sound);
      |                   ^~~~~~~~~~~~~~~~~
      |                   |
      |                   AudioSound
src/raylib.h:2468:28: note: expected 'Sound' but argument is of type 'AudioSound'
 2468 | RLAPI void PlaySound(Sound sound);      // Play a sound
      |                      ~~~~~~^~~~~
src/levels.c:1004:17: error: incompatible type for argument 1 of 'PlaySound'
 1004 |       PlaySound(phase_shift_sound);
      |                 ^~~~~~~~~~~~~~~~~
      |                 |
      |                 AudioSound
src/raylib.h:2468:28: note: expected 'Sound' but argument is of type 'AudioSound'
 2468 | RLAPI void PlaySound(Sound sound);      // Play a sound
      |                      ~~~~~~^~~~~
src/levels.c:1028:19: error: incompatible type for argument 1 of 'PlaySound'
 1028 |         PlaySound(phase_shift_sound);
      |                   ^~~~~~~~~~~~~~~~~
      |                   |
      |                   AudioSound
src/raylib.h:2468:28: note: expected 'Sound' but argument is of type 'AudioSound'
 2468 | RLAPI void PlaySound(Sound sound);      // Play a sound
      |                      ~~~~~~^~~~~
src/levels.c:1051:17: error: incompatible type for argument 1 of 'PlaySound'
 1051 |       PlaySound(phase_shift_sound);
      |                 ^~~~~~~~~~~~~~~~~
      |                 |
      |                 AudioSound
src/raylib.h:2468:28: note: expected 'Sound' but argument is of type 'AudioSound'
 2468 | RLAPI void PlaySound(Sound sound);      // Play a sound
      |                      ~~~~~~^~~~~
src/levels.c:1077:19: error: incompatible type for argument 1 of 'PlaySound'
 1077 |         PlaySound(phase_shift_sound);
      |                   ^~~~~~~~~~~~~~~~~
      |                   |
      |                   AudioSound
src/raylib.h:2468:28: note: expected 'Sound' but argument is of type 'AudioSound'
 2468 | RLAPI void PlaySound(Sound sound);      // Play a sound
      |                      ~~~~~~^~~~~
src/levels.c:1102:19: error: incompatible type for argument 1 of 'PlaySound'
 1102 |         PlaySound(phase_shift_sound);
      |                   ^~~~~~~~~~~~~~~~~
      |                   |
      |                   AudioSound
src/raylib.h:2468:28: note: expected 'Sound' but argument is of type 'AudioSound'
 2468 | RLAPI void PlaySound(Sound sound);      // Play a sound
      |                      ~~~~~~^~~~~
src/levels.c:1126:19: error: incompatible type for argument 1 of 'PlaySound'
 1126 |         PlaySound(phase_shift_sound);
      |                   ^~~~~~~~~~~~~~~~~
      |                   |
      |                   AudioSound
src/raylib.h:2468:28: note: expected 'Sound' but argument is of type 'AudioSound'
 2468 | RLAPI void PlaySound(Sound sound);      // Play a sound
      |                      ~~~~~~^~~~~
src/levels.c:1152:19: error: incompatible type for argument 1 of 'PlaySound'
 1152 |         PlaySound(phase_shift_sound);
      |                   ^~~~~~~~~~~~~~~~~
      |                   |
      |                   AudioSound
src/raylib.h:2468:28: note: expected 'Sound' but argument is of type 'AudioSound'
 2468 | RLAPI void PlaySound(Sound sound);      // Play a sound
      |                      ~~~~~~^~~~~
